<?xml version="1.0" encoding="UTF-8"?>
<robot generator="Robot 3.1.1 (Python 3.7.3 on win32)" generated="20190514 15:57:40.955" rpa="false">
<suite id="s1" name="Testcase" source="C:\Users\hvasavada\PycharmProjects\TestAutomationSalesforce\Resources\Testcase.robot">
<test id="s1-t1" name="User must Sign Up">
<kw name="Open Browser" library="SeleniumLibrary">
<doc>Opens a new browser instance to the given ``url``.</doc>
<arguments>
<arg>https://www.salesforce.com/form/demo/crm-sales-demos/#</arg>
<arg>chrome</arg>
</arguments>
<msg timestamp="20190514 15:57:41.652" level="INFO">Opening browser 'chrome' to base url 'https://www.salesforce.com/form/demo/crm-sales-demos/#'.</msg>
<status status="PASS" starttime="20190514 15:57:41.652" endtime="20190514 15:57:51.168"></status>
</kw>
<kw name="Set Selenium Speed" library="SeleniumLibrary">
<doc>Sets the delay that is waited after each Selenium command.</doc>
<arguments>
<arg>1</arg>
</arguments>
<status status="PASS" starttime="20190514 15:57:51.169" endtime="20190514 15:57:51.169"></status>
</kw>
<kw name="Wait Until Page Contains Element" library="SeleniumLibrary">
<doc>Waits until element ``locator`` appears on current page.</doc>
<arguments>
<arg>xpath=//ul[@class='clearfix vertical form-ul']/descendant::input[1]</arg>
</arguments>
<status status="PASS" starttime="20190514 15:57:51.170" endtime="20190514 15:57:52.187"></status>
</kw>
<kw name="Maximize Browser Window" library="SeleniumLibrary">
<doc>Maximizes current browser window.</doc>
<status status="PASS" starttime="20190514 15:57:52.187" endtime="20190514 15:57:54.345"></status>
</kw>
<kw name="SignUpPage.Enter Sign up details">
<msg timestamp="20190514 15:57:54.352" level="FAIL">No keyword with name 'SignUpPage.Enter Sign up details' found.</msg>
<status status="FAIL" starttime="20190514 15:57:54.352" endtime="20190514 15:57:54.352"></status>
</kw>
<doc>User is able to fill information in sign up page</doc>
<tags>
<tag>Smoke</tag>
</tags>
<status status="FAIL" starttime="20190514 15:57:41.642" endtime="20190514 15:57:54.353" critical="yes">No keyword with name 'SignUpPage.Enter Sign up details' found.</status>
</test>
<status status="FAIL" starttime="20190514 15:57:40.959" endtime="20190514 15:57:54.356"></status>
</suite>
<statistics>
<total>
<stat pass="0" fail="1">Critical Tests</stat>
<stat pass="0" fail="1">All Tests</stat>
</total>
<tag>
<stat pass="0" fail="1">Smoke</stat>
</tag>
<suite>
<stat pass="0" fail="1" id="s1" name="Testcase">Testcase</stat>
</suite>
</statistics>
<errors>
<msg timestamp="20190514 15:57:41.640" level="ERROR">Error in file 'C:\Users\hvasavada\PycharmProjects\TestAutomationSalesforce\Resources\Testcase.robot': Resource file 'Resources\PO\SignUpPage.robot' does not exist.</msg>
</errors>
</robot>
